<!DOCTYPE html>
<html lang=en>
<head>
    <!-- so meta -->
    <meta charset="utf-8">
    <meta http-equiv="X-UA-Compatible" content="IE=edge">
    <meta name="HandheldFriendly" content="True">
    <meta name="viewport" content="width=device-width, initial-scale=1, maximum-scale=5" />
    <meta name="description" content="BackgroundI launched an AWS EC2 instance using Amazon Linux 2 AMI, and I launched Jenkins in a Docker container on this instance to build my project. ProblemHowever, Jenkins failed building the projec">
<meta property="og:type" content="article">
<meta property="og:title" content="Failed to execute goal org.apache.maven.plugins:maven-surefire-plugin:2.22.2:test (default-test) on project auth-course: There are test failures.">
<meta property="og:url" content="https://foystor.github.io/2022/08/26/Failed-to-execute-goal-org-apache-maven-plugins-maven-surefire-plugin-2-22-2-test-default-test-on-project-auth-course-There-are-test-failures/index.html">
<meta property="og:site_name" content="FoYuri">
<meta property="og:description" content="BackgroundI launched an AWS EC2 instance using Amazon Linux 2 AMI, and I launched Jenkins in a Docker container on this instance to build my project. ProblemHowever, Jenkins failed building the projec">
<meta property="og:locale" content="en_US">
<meta property="article:published_time" content="2022-08-25T16:05:09.000Z">
<meta property="article:modified_time" content="2024-07-01T04:42:05.758Z">
<meta property="article:author" content="Foy Wan">
<meta property="article:tag" content="CI&#x2F;CD">
<meta property="article:tag" content="AWS">
<meta property="article:tag" content="Docker">
<meta property="article:tag" content="Jenkins">
<meta name="twitter:card" content="summary">
    
    
      
        
          <link rel="shortcut icon" href="/images/favicon.ico?v1">
        
      
      
        
          <link rel="icon" type="image/png" href="/images/favicon-192x192.png" sizes="192x192">
        
      
      
        
          <link rel="apple-touch-icon" sizes="180x180" href="/images/apple-touch-icon.png">
        
      
    
    <!-- title -->
    <title>Failed to execute goal org.apache.maven.plugins:maven-surefire-plugin:2.22.2:test (default-test) on project auth-course: There are test failures.</title><meta name="robots" content="noindex">
    <!-- styles -->
    
<link rel="stylesheet" href="/css/style.css">

    <!-- persian styles -->
    
    <!-- rss -->
    
    
	<!-- mathjax -->
	
    <meta name="google-site-verification" content="KO7vvBU3ttqbeRJV6Ki9PydxOBnwaOQYzyAX60YqObE" />
    <meta name="google-site-verification" content="zLOg-wm0CWmnn7HIsEiEjiz2B_93RmWxLAudRxe2DEk" />
<meta name="generator" content="Hexo 7.2.0"></head>

<body class="max-width mx-auto px3 ltr">
    
      <div id="header-post">
  <a id="menu-icon" href="#" aria-label="Menu"><i class="fas fa-bars fa-lg"></i></a>
  <a id="menu-icon-tablet" href="#" aria-label="Menu"><i class="fas fa-bars fa-lg"></i></a>
  <a id="top-icon-tablet" href="#" aria-label="Top" onclick="$('html, body').animate({ scrollTop: 0 }, 'fast');" style="display:none;"><i class="fas fa-chevron-up fa-lg"></i></a>
  <span id="menu">
    <span id="nav">
      <ul>
        <!--
       --><li><a href="/">Home</a></li><!--
     --><!--
       --><li><a href="/archives/">Writing</a></li><!--
     --><!--
       --><li><a href="/tags/">Tags</a></li><!--
     --><!--
       --><li><a href="/categories/">Categories</a></li><!--
     --><!--
       --><li><a href="/search/">Search</a></li><!--
     -->
      </ul>
    </span>
    <br/>
    <span id="actions">
      <ul>
        
        
        <li><a class="icon" aria-label="Back to top" href="#" onclick="$('html, body').animate({ scrollTop: 0 }, 'fast');"><i class="fas fa-chevron-up" aria-hidden="true" onmouseover="$('#i-top').toggle();" onmouseout="$('#i-top').toggle();"></i></a></li>
        <li><a class="icon" aria-label="Share post" href="#"><i class="fas fa-share-alt" aria-hidden="true" onmouseover="$('#i-share').toggle();" onmouseout="$('#i-share').toggle();" onclick="$('#share').toggle();return false;"></i></a></li>
      </ul>
      <span id="i-prev" class="info" style="display:none;">Previous post</span>
      <span id="i-next" class="info" style="display:none;">Next post</span>
      <span id="i-top" class="info" style="display:none;">Back to top</span>
      <span id="i-share" class="info" style="display:none;">Share post</span>
    </span>
    <br/>
    <div id="share" style="display: none">
      <ul>
  <li><a class="icon" target="_blank" rel="noopener" href="http://www.facebook.com/sharer.php?u=https://foystor.github.io/2022/08/26/Failed-to-execute-goal-org-apache-maven-plugins-maven-surefire-plugin-2-22-2-test-default-test-on-project-auth-course-There-are-test-failures/"><i class="fab fa-facebook " aria-hidden="true"></i></a></li>
  <li><a class="icon" target="_blank" rel="noopener" href="https://twitter.com/share?url=https://foystor.github.io/2022/08/26/Failed-to-execute-goal-org-apache-maven-plugins-maven-surefire-plugin-2-22-2-test-default-test-on-project-auth-course-There-are-test-failures/&text=Failed to execute goal org.apache.maven.plugins:maven-surefire-plugin:2.22.2:test (default-test) on project auth-course: There are test failures."><i class="fab fa-twitter " aria-hidden="true"></i></a></li>
  <li><a class="icon" target="_blank" rel="noopener" href="http://www.linkedin.com/shareArticle?url=https://foystor.github.io/2022/08/26/Failed-to-execute-goal-org-apache-maven-plugins-maven-surefire-plugin-2-22-2-test-default-test-on-project-auth-course-There-are-test-failures/&title=Failed to execute goal org.apache.maven.plugins:maven-surefire-plugin:2.22.2:test (default-test) on project auth-course: There are test failures."><i class="fab fa-linkedin " aria-hidden="true"></i></a></li>
  <li><a class="icon" target="_blank" rel="noopener" href="https://pinterest.com/pin/create/bookmarklet/?url=https://foystor.github.io/2022/08/26/Failed-to-execute-goal-org-apache-maven-plugins-maven-surefire-plugin-2-22-2-test-default-test-on-project-auth-course-There-are-test-failures/&is_video=false&description=Failed to execute goal org.apache.maven.plugins:maven-surefire-plugin:2.22.2:test (default-test) on project auth-course: There are test failures."><i class="fab fa-pinterest " aria-hidden="true"></i></a></li>
  <li><a class="icon" href="mailto:?subject=Failed to execute goal org.apache.maven.plugins:maven-surefire-plugin:2.22.2:test (default-test) on project auth-course: There are test failures.&body=Check out this article: https://foystor.github.io/2022/08/26/Failed-to-execute-goal-org-apache-maven-plugins-maven-surefire-plugin-2-22-2-test-default-test-on-project-auth-course-There-are-test-failures/"><i class="fas fa-envelope " aria-hidden="true"></i></a></li>
  <li><a class="icon" target="_blank" rel="noopener" href="https://getpocket.com/save?url=https://foystor.github.io/2022/08/26/Failed-to-execute-goal-org-apache-maven-plugins-maven-surefire-plugin-2-22-2-test-default-test-on-project-auth-course-There-are-test-failures/&title=Failed to execute goal org.apache.maven.plugins:maven-surefire-plugin:2.22.2:test (default-test) on project auth-course: There are test failures."><i class="fab fa-get-pocket " aria-hidden="true"></i></a></li>
  <li><a class="icon" target="_blank" rel="noopener" href="http://reddit.com/submit?url=https://foystor.github.io/2022/08/26/Failed-to-execute-goal-org-apache-maven-plugins-maven-surefire-plugin-2-22-2-test-default-test-on-project-auth-course-There-are-test-failures/&title=Failed to execute goal org.apache.maven.plugins:maven-surefire-plugin:2.22.2:test (default-test) on project auth-course: There are test failures."><i class="fab fa-reddit " aria-hidden="true"></i></a></li>
  <li><a class="icon" target="_blank" rel="noopener" href="http://www.stumbleupon.com/submit?url=https://foystor.github.io/2022/08/26/Failed-to-execute-goal-org-apache-maven-plugins-maven-surefire-plugin-2-22-2-test-default-test-on-project-auth-course-There-are-test-failures/&title=Failed to execute goal org.apache.maven.plugins:maven-surefire-plugin:2.22.2:test (default-test) on project auth-course: There are test failures."><i class="fab fa-stumbleupon " aria-hidden="true"></i></a></li>
  <li><a class="icon" target="_blank" rel="noopener" href="http://digg.com/submit?url=https://foystor.github.io/2022/08/26/Failed-to-execute-goal-org-apache-maven-plugins-maven-surefire-plugin-2-22-2-test-default-test-on-project-auth-course-There-are-test-failures/&title=Failed to execute goal org.apache.maven.plugins:maven-surefire-plugin:2.22.2:test (default-test) on project auth-course: There are test failures."><i class="fab fa-digg " aria-hidden="true"></i></a></li>
  <li><a class="icon" target="_blank" rel="noopener" href="http://www.tumblr.com/share/link?url=https://foystor.github.io/2022/08/26/Failed-to-execute-goal-org-apache-maven-plugins-maven-surefire-plugin-2-22-2-test-default-test-on-project-auth-course-There-are-test-failures/&name=Failed to execute goal org.apache.maven.plugins:maven-surefire-plugin:2.22.2:test (default-test) on project auth-course: There are test failures.&description="><i class="fab fa-tumblr " aria-hidden="true"></i></a></li>
  <li><a class="icon" target="_blank" rel="noopener" href="https://news.ycombinator.com/submitlink?u=https://foystor.github.io/2022/08/26/Failed-to-execute-goal-org-apache-maven-plugins-maven-surefire-plugin-2-22-2-test-default-test-on-project-auth-course-There-are-test-failures/&t=Failed to execute goal org.apache.maven.plugins:maven-surefire-plugin:2.22.2:test (default-test) on project auth-course: There are test failures."><i class="fab fa-hacker-news " aria-hidden="true"></i></a></li>
</ul>

    </div>
    <div id="toc">
      <ol class="toc"><li class="toc-item toc-level-2"><a class="toc-link" href="#Background"><span class="toc-number">1.</span> <span class="toc-text">Background</span></a></li><li class="toc-item toc-level-2"><a class="toc-link" href="#Problem"><span class="toc-number">2.</span> <span class="toc-text">Problem</span></a></li><li class="toc-item toc-level-2"><a class="toc-link" href="#What%E2%80%99s-wrong"><span class="toc-number">3.</span> <span class="toc-text">What’s wrong</span></a></li><li class="toc-item toc-level-2"><a class="toc-link" href="#Solution"><span class="toc-number">4.</span> <span class="toc-text">Solution</span></a></li></ol>
    </div>
  </span>
</div>

    
    <div class="content index py4">
        
        <article class="post" itemscope itemtype="http://schema.org/BlogPosting">
  <header>
    
    <h1 class="posttitle" itemprop="name headline">
        Failed to execute goal org.apache.maven.plugins:maven-surefire-plugin:2.22.2:test (default-test) on project auth-course: There are test failures.
    </h1>



    <div class="meta">
      <span class="author" itemprop="author" itemscope itemtype="http://schema.org/Person">
        <span itemprop="name">Foy Wan</span>
      </span>
      
    <div class="postdate">
      
        <time datetime="2022-08-25T16:05:09.000Z" itemprop="datePublished">2022-08-26</time>
        
      
    </div>


      
    <div class="article-category">
        <i class="fas fa-archive"></i>
        <a class="category-link" href="/categories/Coding-Bugfix/">Coding - Bugfix</a>
    </div>


      
    <div class="article-tag">
        <i class="fas fa-tag"></i>
        <a class="tag-link-link" href="/tags/AWS/" rel="tag">AWS</a>, <a class="tag-link-link" href="/tags/CI-CD/" rel="tag">CI/CD</a>, <a class="tag-link-link" href="/tags/Docker/" rel="tag">Docker</a>, <a class="tag-link-link" href="/tags/Jenkins/" rel="tag">Jenkins</a>
    </div>


    </div>
  </header>
  

  <div class="content" itemprop="articleBody">
    <h2 id="Background"><a href="#Background" class="headerlink" title="Background"></a>Background</h2><p>I launched an <code>AWS EC2 instance</code> using <code>Amazon Linux 2 AMI</code>, and I launched <code>Jenkins</code> in a <code>Docker</code> container on this instance to build my project.</p>
<h2 id="Problem"><a href="#Problem" class="headerlink" title="Problem"></a>Problem</h2><p>However, <code>Jenkins</code> failed building the project, and the <code>Console Output</code> logged the error below:</p>
<figure class="highlight plaintext"><table><tr><td class="code"><pre><span class="line">[ERROR] Failed to execute goal org.apache.maven.plugins:maven-surefire-plugin:2.22.2:test (default-test) on project auth-course: There are test failures.</span><br><span class="line">[ERROR] </span><br><span class="line">[ERROR] Please refer to /var/jenkins_home/workspace/project-demo/starter_code/target/surefire-reports for the individual test results.</span><br><span class="line">[ERROR] Please refer to dump files (if any exist) [date].dump, [date]-jvmRun[N].dump and [date].dumpstream.</span><br><span class="line">[ERROR] The forked VM terminated without properly saying goodbye. VM crash or System.exit called?</span><br><span class="line">[ERROR] Command was /bin/sh -c cd /var/jenkins_home/workspace/project-demo/starter_code &amp;&amp; /opt/java/openjdk/bin/java -jar /var/jenkins_home/workspace/project-demo/starter_code/target/surefire/surefirebooter12906611043072328567.jar /var/jenkins_home/workspace/project-demo/starter_code/target/surefire 2022-08-24T16-01-50_920-jvmRun1 surefire323446421274615366tmp surefire_07190421387686013602tmp</span><br><span class="line">[ERROR] Error occurred in starting fork, check output in log</span><br><span class="line">[ERROR] Process Exit Code: 1</span><br><span class="line">[ERROR] org.apache.maven.surefire.booter.SurefireBooterForkException: The forked VM terminated without properly saying goodbye. VM crash or System.exit called?</span><br><span class="line">[ERROR] Command was /bin/sh -c cd /var/jenkins_home/workspace/project-demo/starter_code &amp;&amp; /opt/java/openjdk/bin/java -jar /var/jenkins_home/workspace/project-demo/starter_code/target/surefire/surefirebooter12906611043072328567.jar /var/jenkins_home/workspace/project-demo/starter_code/target/surefire 2022-08-24T16-01-50_920-jvmRun1 surefire323446421274615366tmp surefire_07190421387686013602tmp</span><br><span class="line">[ERROR] Error occurred in starting fork, check output in log</span><br><span class="line">[ERROR] Process Exit Code: 1</span><br><span class="line">[ERROR] 	at org.apache.maven.plugin.surefire.booterclient.ForkStarter.fork(ForkStarter.java:669)</span><br><span class="line">[ERROR] 	at org.apache.maven.plugin.surefire.booterclient.ForkStarter.run(ForkStarter.java:282)</span><br><span class="line">[ERROR] 	at org.apache.maven.plugin.surefire.booterclient.ForkStarter.run(ForkStarter.java:245)</span><br><span class="line">[ERROR] 	at org.apache.maven.plugin.surefire.AbstractSurefireMojo.executeProvider(AbstractSurefireMojo.java:1183)</span><br><span class="line">[ERROR] 	at org.apache.maven.plugin.surefire.AbstractSurefireMojo.executeAfterPreconditionsChecked(AbstractSurefireMojo.java:1011)</span><br><span class="line">[ERROR] 	at org.apache.maven.plugin.surefire.AbstractSurefireMojo.execute(AbstractSurefireMojo.java:857)</span><br><span class="line">[ERROR] 	at org.apache.maven.plugin.DefaultBuildPluginManager.executeMojo(DefaultBuildPluginManager.java:137)</span><br><span class="line">[ERROR] 	at org.apache.maven.lifecycle.internal.MojoExecutor.doExecute(MojoExecutor.java:301)</span><br><span class="line">[ERROR] 	at org.apache.maven.lifecycle.internal.MojoExecutor.execute(MojoExecutor.java:211)</span><br><span class="line">[ERROR] 	at org.apache.maven.lifecycle.internal.MojoExecutor.execute(MojoExecutor.java:165)</span><br><span class="line">[ERROR] 	at org.apache.maven.lifecycle.internal.MojoExecutor.execute(MojoExecutor.java:157)</span><br><span class="line">[ERROR] 	at org.apache.maven.lifecycle.internal.LifecycleModuleBuilder.buildProject(LifecycleModuleBuilder.java:121)</span><br><span class="line">[ERROR] 	at org.apache.maven.lifecycle.internal.LifecycleModuleBuilder.buildProject(LifecycleModuleBuilder.java:81)</span><br><span class="line">[ERROR] 	at org.apache.maven.lifecycle.internal.builder.singlethreaded.SingleThreadedBuilder.build(SingleThreadedBuilder.java:56)</span><br><span class="line">[ERROR] 	at org.apache.maven.lifecycle.internal.LifecycleStarter.execute(LifecycleStarter.java:127)</span><br><span class="line">[ERROR] 	at org.apache.maven.DefaultMaven.doExecute(DefaultMaven.java:294)</span><br><span class="line">[ERROR] 	at org.apache.maven.DefaultMaven.doExecute(DefaultMaven.java:192)</span><br><span class="line">[ERROR] 	at org.apache.maven.DefaultMaven.execute(DefaultMaven.java:105)</span><br><span class="line">[ERROR] 	at org.apache.maven.cli.MavenCli.execute(MavenCli.java:960)</span><br><span class="line">[ERROR] 	at org.apache.maven.cli.MavenCli.doMain(MavenCli.java:293)</span><br><span class="line">[ERROR] 	at org.apache.maven.cli.MavenCli.main(MavenCli.java:196)</span><br><span class="line">[ERROR] 	at java.base/jdk.internal.reflect.NativeMethodAccessorImpl.invoke0(Native Method)</span><br><span class="line">[ERROR] 	at java.base/jdk.internal.reflect.NativeMethodAccessorImpl.invoke(Unknown Source)</span><br><span class="line">[ERROR] 	at java.base/jdk.internal.reflect.DelegatingMethodAccessorImpl.invoke(Unknown Source)</span><br><span class="line">[ERROR] 	at java.base/java.lang.reflect.Method.invoke(Unknown Source)</span><br><span class="line">[ERROR] 	at org.codehaus.plexus.classworlds.launcher.Launcher.launchEnhanced(Launcher.java:282)</span><br><span class="line">[ERROR] 	at org.codehaus.plexus.classworlds.launcher.Launcher.launch(Launcher.java:225)</span><br><span class="line">[ERROR] 	at org.codehaus.plexus.classworlds.launcher.Launcher.mainWithExitCode(Launcher.java:406)</span><br><span class="line">[ERROR] 	at org.codehaus.plexus.classworlds.launcher.Launcher.main(Launcher.java:347)</span><br><span class="line">[ERROR] </span><br><span class="line">[ERROR] -&gt; [Help 1]</span><br><span class="line">[ERROR] </span><br><span class="line">[ERROR] To see the full stack trace of the errors, re-run Maven with the -e switch.</span><br><span class="line">[ERROR] Re-run Maven using the -X switch to enable full debug logging.</span><br><span class="line">[ERROR] </span><br><span class="line">[ERROR] For more information about the errors and possible solutions, please read the following articles:</span><br><span class="line">[ERROR] [Help 1] http://cwiki.apache.org/confluence/display/MAVEN/MojoExecutionException</span><br><span class="line">Build step &#x27;Invoke top-level Maven targets&#x27; marked build as failure</span><br></pre></td></tr></table></figure>

<h2 id="What’s-wrong"><a href="#What’s-wrong" class="headerlink" title="What’s wrong"></a>What’s wrong</h2><p>That was because I was running the <code>EC2 instance</code> using <code>t2.micro</code> instance type, so the build failed because of OUT OF MEMORY.</p>
<h2 id="Solution"><a href="#Solution" class="headerlink" title="Solution"></a>Solution</h2><p>We can add swap to the <code>EC2</code> instance.</p>
<p>By default we don’t have swap space. To confirm this:</p>
<figure class="highlight plaintext"><table><tr><td class="code"><pre><span class="line">$ free -m</span><br></pre></td></tr></table></figure>

<p>Just add some. Try with 1 GB for begin.</p>
<figure class="highlight plaintext"><table><tr><td class="code"><pre><span class="line">$ sudo fallocate -l 1G /swapfile</span><br><span class="line">$ sudo chmod 600 /swapfile</span><br><span class="line">$ sudo mkswap /swapfile</span><br><span class="line">$ sudo swapon /swapfile</span><br></pre></td></tr></table></figure>

<p>Check again:</p>
<figure class="highlight plaintext"><table><tr><td class="code"><pre><span class="line">$ free -m</span><br></pre></td></tr></table></figure>

<p><br/><br/><br/><br/></p>
<p><strong><em>References</em></strong></p>
<p><em><a target="_blank" rel="noopener" href="https://knowledge.udacity.com/questions/728880">Jenkins build failing</a></em></p>
<p><em><a target="_blank" rel="noopener" href="https://stackoverflow.com/questions/31041512/jenkins-build-throwing-an-out-of-memory-error/42521447">Jenkins build throwing an out of memory error</a></em></p>
<!-- flag of hidden posts -->
  </div>
</article>


    <div class="blog-post-comments">
        <div id="utterances_thread">
            <noscript>Please enable JavaScript to view the comments.</noscript>
        </div>
    </div>


        
          <div id="footer-post-container">
  <div id="footer-post">

    <div id="nav-footer" style="display: none">
      <ul>
         
          <li><a href="/">Home</a></li>
         
          <li><a href="/archives/">Writing</a></li>
         
          <li><a href="/tags/">Tags</a></li>
         
          <li><a href="/categories/">Categories</a></li>
         
          <li><a href="/search/">Search</a></li>
        
      </ul>
    </div>

    <div id="toc-footer" style="display: none">
      <ol class="toc"><li class="toc-item toc-level-2"><a class="toc-link" href="#Background"><span class="toc-number">1.</span> <span class="toc-text">Background</span></a></li><li class="toc-item toc-level-2"><a class="toc-link" href="#Problem"><span class="toc-number">2.</span> <span class="toc-text">Problem</span></a></li><li class="toc-item toc-level-2"><a class="toc-link" href="#What%E2%80%99s-wrong"><span class="toc-number">3.</span> <span class="toc-text">What’s wrong</span></a></li><li class="toc-item toc-level-2"><a class="toc-link" href="#Solution"><span class="toc-number">4.</span> <span class="toc-text">Solution</span></a></li></ol>
    </div>

    <div id="share-footer" style="display: none">
      <ul>
  <li><a class="icon" target="_blank" rel="noopener" href="http://www.facebook.com/sharer.php?u=https://foystor.github.io/2022/08/26/Failed-to-execute-goal-org-apache-maven-plugins-maven-surefire-plugin-2-22-2-test-default-test-on-project-auth-course-There-are-test-failures/"><i class="fab fa-facebook fa-lg" aria-hidden="true"></i></a></li>
  <li><a class="icon" target="_blank" rel="noopener" href="https://twitter.com/share?url=https://foystor.github.io/2022/08/26/Failed-to-execute-goal-org-apache-maven-plugins-maven-surefire-plugin-2-22-2-test-default-test-on-project-auth-course-There-are-test-failures/&text=Failed to execute goal org.apache.maven.plugins:maven-surefire-plugin:2.22.2:test (default-test) on project auth-course: There are test failures."><i class="fab fa-twitter fa-lg" aria-hidden="true"></i></a></li>
  <li><a class="icon" target="_blank" rel="noopener" href="http://www.linkedin.com/shareArticle?url=https://foystor.github.io/2022/08/26/Failed-to-execute-goal-org-apache-maven-plugins-maven-surefire-plugin-2-22-2-test-default-test-on-project-auth-course-There-are-test-failures/&title=Failed to execute goal org.apache.maven.plugins:maven-surefire-plugin:2.22.2:test (default-test) on project auth-course: There are test failures."><i class="fab fa-linkedin fa-lg" aria-hidden="true"></i></a></li>
  <li><a class="icon" target="_blank" rel="noopener" href="https://pinterest.com/pin/create/bookmarklet/?url=https://foystor.github.io/2022/08/26/Failed-to-execute-goal-org-apache-maven-plugins-maven-surefire-plugin-2-22-2-test-default-test-on-project-auth-course-There-are-test-failures/&is_video=false&description=Failed to execute goal org.apache.maven.plugins:maven-surefire-plugin:2.22.2:test (default-test) on project auth-course: There are test failures."><i class="fab fa-pinterest fa-lg" aria-hidden="true"></i></a></li>
  <li><a class="icon" href="mailto:?subject=Failed to execute goal org.apache.maven.plugins:maven-surefire-plugin:2.22.2:test (default-test) on project auth-course: There are test failures.&body=Check out this article: https://foystor.github.io/2022/08/26/Failed-to-execute-goal-org-apache-maven-plugins-maven-surefire-plugin-2-22-2-test-default-test-on-project-auth-course-There-are-test-failures/"><i class="fas fa-envelope fa-lg" aria-hidden="true"></i></a></li>
  <li><a class="icon" target="_blank" rel="noopener" href="https://getpocket.com/save?url=https://foystor.github.io/2022/08/26/Failed-to-execute-goal-org-apache-maven-plugins-maven-surefire-plugin-2-22-2-test-default-test-on-project-auth-course-There-are-test-failures/&title=Failed to execute goal org.apache.maven.plugins:maven-surefire-plugin:2.22.2:test (default-test) on project auth-course: There are test failures."><i class="fab fa-get-pocket fa-lg" aria-hidden="true"></i></a></li>
  <li><a class="icon" target="_blank" rel="noopener" href="http://reddit.com/submit?url=https://foystor.github.io/2022/08/26/Failed-to-execute-goal-org-apache-maven-plugins-maven-surefire-plugin-2-22-2-test-default-test-on-project-auth-course-There-are-test-failures/&title=Failed to execute goal org.apache.maven.plugins:maven-surefire-plugin:2.22.2:test (default-test) on project auth-course: There are test failures."><i class="fab fa-reddit fa-lg" aria-hidden="true"></i></a></li>
  <li><a class="icon" target="_blank" rel="noopener" href="http://www.stumbleupon.com/submit?url=https://foystor.github.io/2022/08/26/Failed-to-execute-goal-org-apache-maven-plugins-maven-surefire-plugin-2-22-2-test-default-test-on-project-auth-course-There-are-test-failures/&title=Failed to execute goal org.apache.maven.plugins:maven-surefire-plugin:2.22.2:test (default-test) on project auth-course: There are test failures."><i class="fab fa-stumbleupon fa-lg" aria-hidden="true"></i></a></li>
  <li><a class="icon" target="_blank" rel="noopener" href="http://digg.com/submit?url=https://foystor.github.io/2022/08/26/Failed-to-execute-goal-org-apache-maven-plugins-maven-surefire-plugin-2-22-2-test-default-test-on-project-auth-course-There-are-test-failures/&title=Failed to execute goal org.apache.maven.plugins:maven-surefire-plugin:2.22.2:test (default-test) on project auth-course: There are test failures."><i class="fab fa-digg fa-lg" aria-hidden="true"></i></a></li>
  <li><a class="icon" target="_blank" rel="noopener" href="http://www.tumblr.com/share/link?url=https://foystor.github.io/2022/08/26/Failed-to-execute-goal-org-apache-maven-plugins-maven-surefire-plugin-2-22-2-test-default-test-on-project-auth-course-There-are-test-failures/&name=Failed to execute goal org.apache.maven.plugins:maven-surefire-plugin:2.22.2:test (default-test) on project auth-course: There are test failures.&description="><i class="fab fa-tumblr fa-lg" aria-hidden="true"></i></a></li>
  <li><a class="icon" target="_blank" rel="noopener" href="https://news.ycombinator.com/submitlink?u=https://foystor.github.io/2022/08/26/Failed-to-execute-goal-org-apache-maven-plugins-maven-surefire-plugin-2-22-2-test-default-test-on-project-auth-course-There-are-test-failures/&t=Failed to execute goal org.apache.maven.plugins:maven-surefire-plugin:2.22.2:test (default-test) on project auth-course: There are test failures."><i class="fab fa-hacker-news fa-lg" aria-hidden="true"></i></a></li>
</ul>

    </div>

    <div id="actions-footer">
        <a id="menu" class="icon" href="#" onclick="$('#nav-footer').toggle();return false;"><i class="fas fa-bars fa-lg" aria-hidden="true"></i> Menu</a>
        <a id="toc" class="icon" href="#" onclick="$('#toc-footer').toggle();return false;"><i class="fas fa-list fa-lg" aria-hidden="true"></i> TOC</a>
        <a id="share" class="icon" href="#" onclick="$('#share-footer').toggle();return false;"><i class="fas fa-share-alt fa-lg" aria-hidden="true"></i> Share</a>
        <a id="top" style="display:none" class="icon" href="#" onclick="$('html, body').animate({ scrollTop: 0 }, 'fast');"><i class="fas fa-chevron-up fa-lg" aria-hidden="true"></i> Top</a>
    </div>

  </div>
</div>

        
        <footer id="footer">
  <div class="footer-left">
    Copyright &copy;
    
    
    2022-2024
    Foy Wan
  </div>
  <div class="footer-right">
    <nav>
      <ul>
        <!--
       --><li><a href="/">Home</a></li><!--
     --><!--
       --><li><a href="/archives/">Writing</a></li><!--
     --><!--
       --><li><a href="/tags/">Tags</a></li><!--
     --><!--
       --><li><a href="/categories/">Categories</a></li><!--
     --><!--
       --><li><a href="/search/">Search</a></li><!--
     -->
      </ul>
    </nav>
  </div>
</footer>

    </div>
    <!-- styles -->



  <link rel="preload" as="style" href="https://cdnjs.cloudflare.com/ajax/libs/font-awesome/5.15.2/css/all.min.css" crossorigin="anonymous" onload="this.onload=null;this.rel='stylesheet'"/>


    <!-- jquery -->
 
  <script src="https://cdnjs.cloudflare.com/ajax/libs/jquery/3.6.0/jquery.min.js" crossorigin="anonymous"></script> 




<!-- clipboard -->

  
    <script src="https://cdnjs.cloudflare.com/ajax/libs/clipboard.js/2.0.7/clipboard.min.js" crossorigin="anonymous"></script> 
  
  <script type="text/javascript">
  $(function() {
    // copy-btn HTML
    var btn = "<span class=\"btn-copy tooltipped tooltipped-sw\" aria-label=\"Copy to clipboard!\">";
    btn += '<i class="far fa-clone"></i>';
    btn += '</span>'; 
    // mount it!
    $(".highlight table").before(btn);
    var clip = new ClipboardJS('.btn-copy', {
      text: function(trigger) {
        return Array.from(trigger.nextElementSibling.querySelectorAll('.code')).reduce((str,it)=>str+it.innerText+'\n','')
      }
    });
    clip.on('success', function(e) {
      e.trigger.setAttribute('aria-label', "Copied!");
      e.clearSelection();
    })
  })
  </script>


<script src="/js/main.js"></script>

<!-- search -->

<!-- Google Analytics -->

<!-- Baidu Analytics -->

<!-- Cloudflare Analytics -->

<!-- Umami Analytics -->

<!-- Disqus Comments -->

<!-- utterances Comments -->

    <script type="text/javascript">
      var utterances_repo = 'Foystor/foystor.github.io';
      var utterances_issue_term = 'pathname';
      var utterances_label = 'Comment';
      var utterances_theme = 'github-light';

      (function(){
          var script = document.createElement('script');

          script.src = 'https://utteranc.es/client.js';
          script.setAttribute('repo', utterances_repo);
          script.setAttribute('issue-term', 'pathname');
          script.setAttribute('label', utterances_label);
          script.setAttribute('theme', utterances_theme);
          script.setAttribute('crossorigin', 'anonymous');
          script.async = true;
          (document.getElementById('utterances_thread')).appendChild(script);
      }());
  </script>

</body>
</html>
